<?xml version="1.0" encoding="UTF-8"?>
<testng-results ignored="0" total="3" passed="3" failed="0" skipped="0">
  <reporter-output>
  </reporter-output>
  <suite started-at="2018-12-16T20:38:37Z" name="Assignment Test" finished-at="2018-12-16T20:40:52Z" duration-ms="135457">
    <groups>
    </groups>
    <test started-at="2018-12-16T20:38:37Z" name="Assignment suite 1" finished-at="2018-12-16T20:40:52Z" duration-ms="135457">
      <class name="com.assignment.testcase.AmazonTestCase">
        <test-method is-config="true" signature="setup()[pri:0, instance:com.assignment.testcase.AmazonTestCase@53aad5d5]" started-at="2018-12-16T20:39:20Z" name="setup" finished-at="2018-12-16T20:39:49Z" duration-ms="29131" status="PASS">
          <reporter-output>
          </reporter-output>
        </test-method> <!-- setup -->
        <test-method signature="getAllImgHref()[pri:0, instance:com.assignment.testcase.AmazonTestCase@53aad5d5]" started-at="2018-12-16T20:39:49Z" name="getAllImgHref" finished-at="2018-12-16T20:40:02Z" duration-ms="12768" status="PASS">
          <reporter-output>
          </reporter-output>
        </test-method> <!-- getAllImgHref -->
        <test-method is-config="true" signature="tearDown()[pri:0, instance:com.assignment.testcase.AmazonTestCase@53aad5d5]" started-at="2018-12-16T20:40:02Z" name="tearDown" finished-at="2018-12-16T20:40:06Z" duration-ms="3770" status="PASS">
          <reporter-output>
          </reporter-output>
        </test-method> <!-- tearDown -->
        <test-method is-config="true" signature="setup()[pri:0, instance:com.assignment.testcase.AmazonTestCase@53aad5d5]" started-at="2018-12-16T20:40:06Z" name="setup" finished-at="2018-12-16T20:40:40Z" duration-ms="34091" status="PASS">
          <reporter-output>
          </reporter-output>
        </test-method> <!-- setup -->
        <test-method signature="getAllImgHrefWithAd()[pri:0, instance:com.assignment.testcase.AmazonTestCase@53aad5d5]" started-at="2018-12-16T20:40:40Z" name="getAllImgHrefWithAd" finished-at="2018-12-16T20:40:46Z" duration-ms="6608" status="PASS">
          <reporter-output>
          </reporter-output>
        </test-method> <!-- getAllImgHrefWithAd -->
        <test-method is-config="true" signature="tearDown()[pri:0, instance:com.assignment.testcase.AmazonTestCase@53aad5d5]" started-at="2018-12-16T20:40:46Z" name="tearDown" finished-at="2018-12-16T20:40:52Z" duration-ms="5820" status="PASS">
          <reporter-output>
          </reporter-output>
        </test-method> <!-- tearDown -->
      </class> <!-- com.assignment.testcase.AmazonTestCase -->
      <class name="com.assignment.testcase.SwiftCodePageTest">
        <test-method is-config="true" signature="setup()[pri:0, instance:com.assignment.testcase.SwiftCodePageTest@41c2284a]" started-at="2018-12-16T20:38:37Z" name="setup" finished-at="2018-12-16T20:38:53Z" duration-ms="15740" status="PASS">
          <reporter-output>
          </reporter-output>
        </test-method> <!-- setup -->
        <test-method signature="getBankSwiftCodeInfo()[pri:0, instance:com.assignment.testcase.SwiftCodePageTest@41c2284a]" started-at="2018-12-16T20:38:53Z" name="getBankSwiftCodeInfo" finished-at="2018-12-16T20:39:17Z" duration-ms="23975" status="PASS">
          <reporter-output>
          </reporter-output>
        </test-method> <!-- getBankSwiftCodeInfo -->
        <test-method is-config="true" signature="tearDown()[pri:0, instance:com.assignment.testcase.SwiftCodePageTest@41c2284a]" started-at="2018-12-16T20:39:17Z" name="tearDown" finished-at="2018-12-16T20:39:20Z" duration-ms="3504" status="PASS">
          <reporter-output>
          </reporter-output>
        </test-method> <!-- tearDown -->
      </class> <!-- com.assignment.testcase.SwiftCodePageTest -->
    </test> <!-- Assignment suite 1 -->
  </suite> <!-- Assignment Test -->
</testng-results>
